<?xml version="1.0" encoding="UTF-8"?>
<!-- Generated by org.testng.reporters.JUnitReportReporter -->
<testsuite hostname="LAPTOP-V6I0AJ85" failures="0" tests="4" name="api.test.UserTests" time="11.080" errors="0" timestamp="2023-10-21T11:53:08 IST" skipped="0">
  <testcase classname="api.test.UserTests" name="test_postUser" time="5.289"/>
  <system-out>
    <![CDATA[==================On Test Start ========================
Thread Id: 1
Thread Name: main
Executing Method is: --------------test_postUser---------------
This is created Reporter: com.aventstack.extentreports.ExtentReports@2805d709
This is created Test: com.aventstack.extentreports.ExtentTest@2b736fee
==================Test End ========================
==================On Test Success ========================
Thread Id: 1
Thread Name: main
This is created Reporter: com.aventstack.extentreports.ExtentReports@2805d709
This is created Test: com.aventstack.extentreports.ExtentTest@2b736fee
==================On Test Success End ========================]]>
  </system-out>
  <testcase classname="api.test.UserTests" name="test_getUserByName" time="1.369"/>
  <system-out>
    <![CDATA[==================On Test Start ========================
Thread Id: 1
Thread Name: main
Executing Method is: --------------test_getUserByName---------------
This is created Reporter: com.aventstack.extentreports.ExtentReports@2805d709
This is created Test: com.aventstack.extentreports.ExtentTest@176054b7
==================Test End ========================
==================On Test Success ========================
Thread Id: 1
Thread Name: main
This is created Reporter: com.aventstack.extentreports.ExtentReports@2805d709
This is created Test: com.aventstack.extentreports.ExtentTest@176054b7
==================On Test Success End ========================]]>
  </system-out>
  <testcase classname="api.test.UserTests" name="test_updateUserByname" time="2.726"/>
  <system-out>
    <![CDATA[==================On Test Start ========================
Thread Id: 1
Thread Name: main
Executing Method is: --------------test_updateUserByname---------------
This is created Reporter: com.aventstack.extentreports.ExtentReports@2805d709
This is created Test: com.aventstack.extentreports.ExtentTest@7253c53
==================Test End ========================
==================On Test Success ========================
Thread Id: 1
Thread Name: main
This is created Reporter: com.aventstack.extentreports.ExtentReports@2805d709
This is created Test: com.aventstack.extentreports.ExtentTest@7253c53
==================On Test Success End ========================]]>
  </system-out>
  <testcase classname="api.test.UserTests" name="test_deleteUser" time="1.696"/>
  <system-out>
    <![CDATA[==================On Test Start ========================
Thread Id: 1
Thread Name: main
Executing Method is: --------------test_deleteUser---------------
This is created Reporter: com.aventstack.extentreports.ExtentReports@2805d709
This is created Test: com.aventstack.extentreports.ExtentTest@5dd2ea0a
==================Test End ========================
==================On Test Success ========================
Thread Id: 1
Thread Name: main
This is created Reporter: com.aventstack.extentreports.ExtentReports@2805d709
This is created Test: com.aventstack.extentreports.ExtentTest@5dd2ea0a
==================On Test Success End ========================]]>
  </system-out>
</testsuite> <!-- api.test.UserTests -->
