<?xml version="1.0" encoding="UTF-8"?>
<!-- Generated by org.testng.reporters.JUnitReportReporter -->
<testsuite hostname="LAPTOP-V6I0AJ85" failures="0" tests="4" name="api.test.UserTests" time="11.697" errors="0" timestamp="2023-10-21T13:06:29 IST" skipped="0">
  <testcase classname="api.test.UserTests" name="test_postUser" time="6.041"/>
  <system-out/>
  <testcase classname="api.test.UserTests" name="test_getUserByName" time="1.428"/>
  <system-out/>
  <testcase classname="api.test.UserTests" name="test_updateUserByname" time="2.884"/>
  <system-out/>
  <testcase classname="api.test.UserTests" name="test_deleteUser" time="1.344"/>
  <system-out/>
</testsuite> <!-- api.test.UserTests -->
